<?xml version="1.0" encoding="UTF-8"?>
<!-- Generated by org.testng.reporters.JUnitReportReporter -->
<testsuite hostname="c7100.fios-router.home" name="testngpackage.sample" tests="3" failures="0" timestamp="10 Jun 2016 03:56:41 GMT" time="0.027" errors="0">
  <testcase name="Register" time="0.002" classname="testngpackage.sample"/>
  <testcase name="login" time="0.022" classname="testngpackage.sample"/>
  <testcase name="passwordChange" time="0.003" classname="testngpackage.sample"/>
</testsuite> <!-- testngpackage.sample -->
