<?xml version="1.0" encoding="UTF-8"?>
<!-- Generated by org.testng.reporters.JUnitReportReporter -->
<testsuite hostname="c7100.fios-router.home" name="testngpackage.TestDatasheetTNG" tests="1" failures="0" timestamp="10 Jun 2016 06:37:22 GMT" time="0.271" errors="0">
  <testcase name="TestDatasheet" time="0.271" classname="testngpackage.TestDatasheetTNG"/>
</testsuite> <!-- testngpackage.TestDatasheetTNG -->
