<?xml version="1.0" encoding="UTF-8"?>
<!-- Generated by org.testng.reporters.JUnitReportReporter -->
<testsuite hostname="c7100.fios-router.home" name="testngpackage.YelpSearch" tests="2" failures="0" timestamp="13 Jun 2016 15:31:12 GMT" time="116.311" errors="0">
  <testcase name="filters" time="99.288" classname="testngpackage.YelpSearch"/>
  <testcase name="search" time="17.023" classname="testngpackage.YelpSearch"/>
</testsuite> <!-- testngpackage.YelpSearch -->
