<?xml version="1.0" encoding="UTF-8"?>
<!-- Generated by org.testng.reporters.JUnitReportReporter -->
<testsuite hostname="c7100.fios-router.home" name="testng.NewTest" tests="1" failures="0" timestamp="3 Jul 2016 20:29:43 GMT" time="20.285" errors="0">
  <testcase name="testMethod" time="20.285" classname="testng.NewTest"/>
</testsuite> <!-- testng.NewTest -->
