<?xml version="1.0" encoding="UTF-8"?>
<!-- Generated by org.testng.reporters.JUnitReportReporter -->
<testsuite hostname="c7100.fios-router.home" name="testcases.MassCareers" tests="3" failures="0" timestamp="7 Jun 2016 02:12:32 GMT" time="6.530" errors="0">
  <testcase name="loginPage" time="2.528" classname="testcases.MassCareers"/>
  <testcase name="privacyAgreement" time="0.762" classname="testcases.MassCareers"/>
  <testcase name="homePage" time="3.240" classname="testcases.MassCareers"/>
</testsuite> <!-- testcases.MassCareers -->
